<?xml version="1.0" encoding="UTF-8"?>
<!-- Generated by org.testng.reporters.JUnitReportReporter -->
<testsuite hostname="Mugilan" failures="0" tests="2" name="learntestng.Implementation" time="51.313" errors="0" timestamp="2024-02-09T08:43:25 IST" skipped="0">
  <testcase classname="learntestng.Implementation" name="loginToVtiger" time="14.786"/>
  <system-out/>
  <testcase classname="learntestng.Implementation" name="loginToFacebook" time="36.527"/>
  <system-out/>
</testsuite> <!-- learntestng.Implementation -->
