<?xml version="1.0" encoding="UTF-8"?>
<!-- Generated by org.testng.reporters.JUnitReportReporter -->
<testsuite hostname="Mugilan" failures="0" tests="1" name="Check.Demo" time="18.196" errors="0" timestamp="2024-02-19T20:01:02 IST" skipped="0">
  <testcase classname="Check.Demo" name="createBoard" time="18.196"/>
  <system-out/>
</testsuite> <!-- Check.Demo -->
