<?xml version="1.0" encoding="UTF-8"?>
<!-- Generated by org.testng.reporters.JUnitReportReporter -->
<testsuite hostname="Bye-Bye" failures="0" tests="9" name="com.qsp.trello.functional.FunctionalScenario" time="153.425" errors="0" timestamp="2024-04-08T13:40:31 IST" skipped="0">
  <testcase classname="com.qsp.trello.functional.FunctionalScenario" name="checkWhretherTheUserIsAbleToNavigateHelpPage" time="18.488"/>
  <system-out/>
  <testcase classname="com.qsp.trello.functional.FunctionalScenario" name="checkWhetherTheUserIsAbleToNavigateShortutsPage" time="17.235"/>
  <system-out/>
  <testcase classname="com.qsp.trello.functional.FunctionalScenario" name="checkWhetherTheUserIsAbleToNavigateProfilePage" time="14.386"/>
  <system-out/>
  <testcase classname="com.qsp.trello.functional.FunctionalScenario" name="checkWhetherTheUserIsAbleToNavigateCardsPage" time="15.872"/>
  <system-out/>
  <testcase classname="com.qsp.trello.functional.FunctionalScenario" name="checkWhetherTheUserIsAbleToNavigateActivityPage" time="12.983"/>
  <system-out/>
  <testcase classname="com.qsp.trello.functional.FunctionalScenario" name="checkWhetherTheUserIsAbleToNavigateSettingsPage" time="17.420"/>
  <system-out/>
  <testcase classname="com.qsp.trello.functional.FunctionalScenario" name="checkWhetherTheUserIsAbleToNavigatePricingPage" time="19.576"/>
  <system-out/>
  <testcase classname="com.qsp.trello.functional.FunctionalScenario" name="checkWhetherTheUserIsAbleToNavigateAppsPage" time="16.903"/>
  <system-out/>
  <testcase classname="com.qsp.trello.functional.FunctionalScenario" name="checkWhetherTheUserIsAbleToNavigateBlogPage" time="20.562"/>
  <system-out/>
</testsuite> <!-- com.qsp.trello.functional.FunctionalScenario -->
