<?xml version="1.0" encoding="UTF-8"?>
<!-- Generated by org.testng.reporters.JUnitReportReporter -->
<testsuite hostname="Mugilan" failures="0" tests="1" name="learntestng.Group2" time="0.013" errors="0" timestamp="2024-02-09T16:14:43 IST" skipped="0">
  <testcase classname="learntestng.Group2" name="home" time="0.013"/>
  <system-out/>
</testsuite> <!-- learntestng.Group2 -->
