<?xml version="1.0" encoding="UTF-8"?>
<!-- Generated by org.testng.reporters.JUnitReportReporter -->
<testsuite hostname="Mugilan" failures="0" tests="2" name="learntesting.Group3" time="0.003" errors="0" timestamp="2024-02-08T20:00:46 IST" skipped="0">
  <testcase classname="learntesting.Group3" name="payment" time="0.001"/>
  <system-out/>
  <testcase classname="learntesting.Group3" name="signUp" time="0.002"/>
  <system-out/>
</testsuite> <!-- learntesting.Group3 -->
