<?xml version="1.0" encoding="UTF-8"?>
<!-- Generated by org.testng.reporters.JUnitReportReporter -->
<testsuite hostname="Mugilan" failures="0" tests="1" name="learntesting.Group2" time="0.013" errors="0" timestamp="2024-02-08T20:00:46 IST" skipped="0">
  <testcase classname="learntesting.Group2" name="home" time="0.013"/>
  <system-out/>
</testsuite> <!-- learntesting.Group2 -->
