<?xml version="1.0" encoding="UTF-8"?>
<!-- Generated by org.testng.reporters.JUnitReportReporter -->
<testsuite hostname="Mugilan" failures="0" tests="1" name="learntestng.Group1" time="0.013" errors="0" timestamp="2024-02-09T16:12:25 IST" skipped="0">
  <testcase classname="learntestng.Group1" name="login" time="0.013"/>
  <system-out/>
</testsuite> <!-- learntestng.Group1 -->
