<?xml version="1.0" encoding="UTF-8"?>
<!-- Generated by org.testng.reporters.JUnitReportReporter -->
<testsuite hostname="Mugilan" failures="0" tests="9" name="learntesting.AnnotationAndArguments" time="0.040" errors="0" timestamp="2024-02-08T18:59:02 IST" skipped="1">
  <testcase classname="learntesting.AnnotationAndArguments" name="login" time="0.013"/>
  <system-out/>
  <testcase classname="learntesting.AnnotationAndArguments" name="home" time="0.002"/>
  <system-out/>
  <testcase classname="learntesting.AnnotationAndArguments" name="addToCart" time="0.002"/>
  <system-out/>
  <testcase classname="learntesting.AnnotationAndArguments" name="payment" time="0.009"/>
  <system-out/>
  <testcase classname="learntesting.AnnotationAndArguments" name="payment" time="0.002"/>
  <system-out/>
  <testcase classname="learntesting.AnnotationAndArguments" name="payment" time="0.007"/>
  <system-out/>
  <testcase classname="learntesting.AnnotationAndArguments" name="payment" time="0.002"/>
  <system-out/>
  <testcase classname="learntesting.AnnotationAndArguments" name="logout" time="0.003"/>
  <system-out/>
  <testcase classname="learntesting.AnnotationAndArguments" name="product">
    <skipped/>
  </testcase> <!-- product -->
  <system-out/>
</testsuite> <!-- learntesting.AnnotationAndArguments -->
