<?xml version="1.0" encoding="UTF-8"?>
<!-- Generated by org.testng.reporters.JUnitReportReporter -->
<testsuite hostname="Mugilan" failures="0" tests="1" name="Check.Scrolling" time="44.873" errors="0" timestamp="2024-02-21T12:12:29 IST" skipped="0">
  <testcase classname="Check.Scrolling" name="ScrollByAndScrollTo" time="44.873"/>
  <system-out/>
</testsuite> <!-- Check.Scrolling -->
