<?xml version="1.0" encoding="UTF-8"?>
<!-- Generated by org.testng.reporters.JUnitReportReporter -->
<testsuite hostname="Mugilan" failures="0" tests="3" name="learntestng.ReadTheDataFromXmlFile" time="73.407" errors="0" timestamp="2024-02-09T16:21:20 IST" skipped="0">
  <testcase classname="learntestng.ReadTheDataFromXmlFile" name="loginToVtiger" time="23.344"/>
  <system-out/>
  <testcase classname="learntestng.ReadTheDataFromXmlFile" name="loginToVtiger" time="23.341"/>
  <system-out/>
  <testcase classname="learntestng.ReadTheDataFromXmlFile" name="loginToVtiger" time="26.722"/>
  <system-out/>
</testsuite> <!-- learntestng.ReadTheDataFromXmlFile -->
