<?xml version="1.0" encoding="UTF-8"?>
<!-- Generated by org.testng.reporters.JUnitReportReporter -->
<testsuite hostname="Mugilan" failures="0" tests="2" name="learntesting.Implementation" time="23.318" errors="0" timestamp="2024-02-08T19:17:56 IST" skipped="0">
  <testcase classname="learntesting.Implementation" name="loginToVtiger" time="16.084"/>
  <system-out/>
  <testcase classname="learntesting.Implementation" name="loginToFacebook" time="7.234"/>
  <system-out/>
</testsuite> <!-- learntesting.Implementation -->
