<?xml version="1.0" encoding="UTF-8"?>
<!-- Generated by org.testng.reporters.JUnitReportReporter -->
<testsuite hostname="Mugilan" failures="0" tests="4" name="learntesting.Group1" time="0.027" errors="0" timestamp="2024-02-08T19:57:13 IST" skipped="0">
  <testcase classname="learntesting.Group1" name="forgottenPwd" time="0.018"/>
  <system-out/>
  <testcase classname="learntesting.Group1" name="logout" time="0.002"/>
  <system-out/>
  <testcase classname="learntesting.Group1" name="login" time="0.004"/>
  <system-out/>
  <testcase classname="learntesting.Group1" name="profile" time="0.003"/>
  <system-out/>
</testsuite> <!-- learntesting.Group1 -->
