<?xml version="1.0" encoding="UTF-8"?>
<!-- Generated by org.testng.reporters.JUnitReportReporter -->
<testsuite hostname="Mugilan" failures="0" tests="1" name="batchexecution.HomePageVerify" time="14.177" errors="0" timestamp="2024-02-09T21:58:17 IST" skipped="0">
  <testcase classname="batchexecution.HomePageVerify" name="homePageVerify" time="14.177"/>
  <system-out/>
</testsuite> <!-- batchexecution.HomePageVerify -->
