<?xml version="1.0" encoding="UTF-8"?>
<!-- Generated by org.testng.reporters.JUnitReportReporter -->
<testsuite hostname="Mugilan" failures="0" tests="1" name="com.qsp.trello.integration.IntegrationScenario" time="17.421" errors="0" timestamp="2024-02-20T08:38:32 IST" skipped="0">
  <testcase classname="com.qsp.trello.integration.IntegrationScenario" name="checkWhetherTheUserIsAbleToNavigateHelpPage" time="17.421"/>
  <system-out/>
</testsuite> <!-- com.qsp.trello.integration.IntegrationScenario -->
